d:\opengl\hand-graphics-homework-main\src\hand.dir\debug\vc141.pdb
d:\opengl\hand-graphics-homework-main\src\hand.dir\debug\main.obj
d:\opengl\hand-graphics-homework-main\src\hand.dir\debug\imgui_widgets.obj
d:\opengl\hand-graphics-homework-main\src\hand.dir\debug\imgui_tables.obj
d:\opengl\hand-graphics-homework-main\src\hand.dir\debug\imgui_impl_opengl3.obj
d:\opengl\hand-graphics-homework-main\src\hand.dir\debug\imgui_impl_glfw.obj
d:\opengl\hand-graphics-homework-main\src\hand.dir\debug\imgui_draw.obj
d:\opengl\hand-graphics-homework-main\src\hand.dir\debug\imgui_demo.obj
d:\opengl\hand-graphics-homework-main\src\hand.dir\debug\imgui.obj
d:\opengl\hand-graphics-homework-main\src\hand.dir\debug\glad.obj
d:\opengl\hand-graphics-homework-main\src\hand.dir\debug\源.obj
d:\opengl\hand-graphics-homework-main\src\cmakefiles\generate.stamp
d:\opengl\hand-graphics-homework-main\src\debug\hand.lib
d:\opengl\hand-graphics-homework-main\src\debug\hand.exp
d:\opengl\hand-graphics-homework-main\src\debug\hand.exe
d:\opengl\hand-graphics-homework-main\src\debug\hand.ilk
d:\opengl\hand-graphics-homework-main\src\debug\hand.pdb
d:\opengl\hand-graphics-homework-main\src\hand.dir\debug\hand.tlog\cl.command.1.tlog
d:\opengl\hand-graphics-homework-main\src\hand.dir\debug\hand.tlog\cl.read.1.tlog
d:\opengl\hand-graphics-homework-main\src\hand.dir\debug\hand.tlog\cl.write.1.tlog
d:\opengl\hand-graphics-homework-main\src\hand.dir\debug\hand.tlog\custombuild.command.1.tlog
d:\opengl\hand-graphics-homework-main\src\hand.dir\debug\hand.tlog\custombuild.read.1.tlog
d:\opengl\hand-graphics-homework-main\src\hand.dir\debug\hand.tlog\custombuild.write.1.tlog
d:\opengl\hand-graphics-homework-main\src\hand.dir\debug\hand.tlog\hand.write.1u.tlog
d:\opengl\hand-graphics-homework-main\src\hand.dir\debug\hand.tlog\link.command.1.tlog
d:\opengl\hand-graphics-homework-main\src\hand.dir\debug\hand.tlog\link.read.1.tlog
d:\opengl\hand-graphics-homework-main\src\hand.dir\debug\hand.tlog\link.write.1.tlog
